<?xml version="1.0" encoding="UTF-8"?>
<!-- Generated by org.testng.reporters.JUnitXMLReporter -->
<testsuite hostname="USHYDGARREDDY1" ignored="0" name="Test" tests="1" failures="1" timestamp="14 Feb 2022 11:39:56 GMT" time="11.437" errors="0">
  <testcase name="m" time="11.389" classname="Mavenproject.Maventest.SampleTest">
    <failure type="java.lang.AssertionError" message="expected [true] but found [false]">
      <![CDATA[java.lang.AssertionError: expected [true] but found [false]
	at Mavenproject.Maventest.SampleTest.m(SampleTest.java:22)
... Removed 29 stack frames]]>
    </failure>
  </testcase> <!-- m -->
</testsuite> <!-- Test -->
