<?xml version="1.0" encoding="UTF-8"?>
<testng-results skipped="0" failed="0" ignored="0" total="2" passed="2">
  <reporter-output>
  </reporter-output>
  <suite name="Suite" duration-ms="59532" started-at="2022-02-10T16:55:03 IST" finished-at="2022-02-10T16:56:03 IST">
    <groups>
    </groups>
    <test name="Test" duration-ms="59532" started-at="2022-02-10T16:55:03 IST" finished-at="2022-02-10T16:56:03 IST">
      <class name="Docker.Docker_Grid_Test.GridTest">
        <test-method status="PASS" signature="m1()[pri:0, instance:Docker.Docker_Grid_Test.GridTest@37374a5e]" name="m1" duration-ms="59392" started-at="2022-02-10T16:55:03 IST" finished-at="2022-02-10T16:56:03 IST">
          <reporter-output>
          </reporter-output>
        </test-method> <!-- m1 -->
      </class> <!-- Docker.Docker_Grid_Test.GridTest -->
      <class name="Docker.Docker_Grid_Test.GridTwoTest">
        <test-method status="PASS" signature="m2()[pri:0, instance:Docker.Docker_Grid_Test.GridTwoTest@64f6106c]" name="m2" duration-ms="47890" started-at="2022-02-10T16:55:03 IST" finished-at="2022-02-10T16:55:51 IST">
          <reporter-output>
          </reporter-output>
        </test-method> <!-- m2 -->
      </class> <!-- Docker.Docker_Grid_Test.GridTwoTest -->
    </test> <!-- Test -->
  </suite> <!-- Suite -->
</testng-results>
